-------------------------------------------------------------------------------
Test set: com.robot.warehouse.controller.WarehouseGripperControllerIntegrationTest
-------------------------------------------------------------------------------
Tests run: 2, Failures: 1, Errors: 0, Skipped: 1, Time elapsed: 2.739 s <<< FAILURE! -- in com.robot.warehouse.controller.WarehouseGripperControllerIntegrationTest
com.robot.warehouse.controller.WarehouseGripperControllerIntegrationTest.testCircuitBreakerOpensAfterFailures -- Time elapsed: 0.104 s <<< FAILURE!
java.lang.AssertionError: Status expected:<503> but was:<400>
	at org.springframework.test.util.AssertionErrors.fail(AssertionErrors.java:59)
	at org.springframework.test.util.AssertionErrors.assertEquals(AssertionErrors.java:122)
	at org.springframework.test.web.servlet.result.StatusResultMatchers.lambda$matcher$9(StatusResultMatchers.java:637)
	at org.springframework.test.web.servlet.MockMvc$1.andExpect(MockMvc.java:214)
	at com.robot.warehouse.controller.WarehouseGripperControllerIntegrationTest.testCircuitBreakerOpensAfterFailures(WarehouseGripperControllerIntegrationTest.java:95)
	at java.base/java.lang.reflect.Method.invoke(Method.java:569)
	at java.base/java.util.ArrayList.forEach(ArrayList.java:1511)
	at java.base/java.util.ArrayList.forEach(ArrayList.java:1511)

